<?xml version="1.0" encoding="UTF-8"?>
<!-- Generated by org.testng.reporters.JUnitReportReporter -->
<testsuite skipped="0" hostname="DESKTOP-I27NA7P" name="com.way2a.utilities.Extent" tests="1" failures="0" timestamp="29 Jul 2020 19:12:53 GMT" time="0.000" errors="0">
  <testcase name="extentReportsDemo" time="0.000" classname="com.way2a.utilities.Extent"/>
</testsuite> <!-- com.way2a.utilities.Extent -->
